2024-09-01T23:31:50.810+08:00  INFO 14236 --- [SpringApplicationShutdownHook] com.zaxxer.hikari.HikariDataSource       : HikariPool-1 - Shutdown initiated...
2024-09-01T23:31:50.825+08:00  INFO 14236 --- [SpringApplicationShutdownHook] com.zaxxer.hikari.HikariDataSource       : HikariPool-1 - Shutdown completed.
2024-09-01T23:31:53.928+08:00  INFO 12440 --- [main] com.example.demo.SpringBlogApplication   : Starting SpringBlogApplication using Java 17.0.11 with PID 12440 (D:\gitte\Personal-Blog-Website\spring_blog\target\classes started by lenovo in D:\gitte\Personal-Blog-Website\spring_blog)
2024-09-01T23:31:53.931+08:00  INFO 12440 --- [main] com.example.demo.SpringBlogApplication   : The following 1 profile is active: "dev"
2024-09-01T23:31:55.153+08:00  INFO 12440 --- [main] o.s.b.w.embedded.tomcat.TomcatWebServer  : Tomcat initialized with port 8080 (http)
2024-09-01T23:31:55.164+08:00  INFO 12440 --- [main] o.apache.catalina.core.StandardService   : Starting service [Tomcat]
2024-09-01T23:31:55.164+08:00  INFO 12440 --- [main] o.apache.catalina.core.StandardEngine    : Starting Servlet engine: [Apache Tomcat/10.1.26]
2024-09-01T23:31:55.249+08:00  INFO 12440 --- [main] o.a.c.c.C.[Tomcat].[localhost].[/]       : Initializing Spring embedded WebApplicationContext
2024-09-01T23:31:55.249+08:00  INFO 12440 --- [main] w.s.c.ServletWebServerApplicationContext : Root WebApplicationContext: initialization completed in 1262 ms
2024-09-01T23:31:56.070+08:00  INFO 12440 --- [main] o.s.b.w.embedded.tomcat.TomcatWebServer  : Tomcat started on port 8080 (http) with context path '/'
2024-09-01T23:31:56.080+08:00  INFO 12440 --- [main] com.example.demo.SpringBlogApplication   : Started SpringBlogApplication in 2.634 seconds (process running for 3.01)
2024-09-01T23:32:00.452+08:00  INFO 12440 --- [http-nio-8080-exec-1] o.a.c.c.C.[Tomcat].[localhost].[/]       : Initializing Spring DispatcherServlet 'dispatcherServlet'
2024-09-01T23:32:00.452+08:00  INFO 12440 --- [http-nio-8080-exec-1] o.s.web.servlet.DispatcherServlet        : Initializing Servlet 'dispatcherServlet'
2024-09-01T23:32:00.453+08:00  INFO 12440 --- [http-nio-8080-exec-1] o.s.web.servlet.DispatcherServlet        : Completed initialization in 1 ms
2024-09-01T23:32:00.990+08:00  INFO 12440 --- [http-nio-8080-exec-9] c.e.demo.interceptor.LoginInterceptor    : 从header中获取token：eyJhbGciOiJIUzI1NiJ9.eyJpZCI6MSwidXNlcm5hbWUiOiJ6aGFuZ3NhbiIsImlhdCI6MTcyNTIwNDQyOSwiZXhwIjoxNzI1MjA2MjI5fQ.6TISry0GtZluRvoCskjzlePLEpBgYRESoJzArm-zey8
2024-09-01T23:32:00.994+08:00  INFO 12440 --- [http-nio-8080-exec-5] c.e.demo.interceptor.LoginInterceptor    : 从header中获取token：eyJhbGciOiJIUzI1NiJ9.eyJpZCI6MSwidXNlcm5hbWUiOiJ6aGFuZ3NhbiIsImlhdCI6MTcyNTIwNDQyOSwiZXhwIjoxNzI1MjA2MjI5fQ.6TISry0GtZluRvoCskjzlePLEpBgYRESoJzArm-zey8
2024-09-01T23:32:01.021+08:00  INFO 12440 --- [http-nio-8080-exec-1] c.e.demo.interceptor.LoginInterceptor    : 从header中获取token：null
2024-09-01T23:32:01.022+08:00  INFO 12440 --- [http-nio-8080-exec-1] c.e.demo.interceptor.LoginInterceptor    : 获取claims：null
2024-09-01T23:32:01.112+08:00  INFO 12440 --- [http-nio-8080-exec-5] c.e.demo.interceptor.LoginInterceptor    : 获取claims：{id=1, username=zhangsan, iat=1725204429, exp=1725206229}
2024-09-01T23:32:01.112+08:00  INFO 12440 --- [http-nio-8080-exec-9] c.e.demo.interceptor.LoginInterceptor    : 获取claims：{id=1, username=zhangsan, iat=1725204429, exp=1725206229}
2024-09-01T23:32:01.113+08:00  INFO 12440 --- [http-nio-8080-exec-5] c.e.demo.interceptor.LoginInterceptor    : token验证成功，放行
2024-09-01T23:32:01.113+08:00  INFO 12440 --- [http-nio-8080-exec-9] c.e.demo.interceptor.LoginInterceptor    : token验证成功，放行
2024-09-01T23:32:01.129+08:00  INFO 12440 --- [http-nio-8080-exec-9] c.e.demo.controller.UserController       : token:eyJhbGciOiJIUzI1NiJ9.eyJpZCI6MSwidXNlcm5hbWUiOiJ6aGFuZ3NhbiIsImlhdCI6MTcyNTIwNDQyOSwiZXhwIjoxNzI1MjA2MjI5fQ.6TISry0GtZluRvoCskjzlePLEpBgYRESoJzArm-zey8
2024-09-01T23:32:01.132+08:00  INFO 12440 --- [http-nio-8080-exec-9] c.e.demo.controller.UserController       : 当前用户userId:1
2024-09-01T23:32:01.148+08:00  INFO 12440 --- [http-nio-8080-exec-9] com.zaxxer.hikari.HikariDataSource       : HikariPool-1 - Starting...
2024-09-01T23:32:01.341+08:00  INFO 12440 --- [http-nio-8080-exec-9] com.zaxxer.hikari.pool.HikariPool        : HikariPool-1 - Added connection com.mysql.cj.jdbc.ConnectionImpl@5991f89a
2024-09-01T23:32:01.344+08:00  INFO 12440 --- [http-nio-8080-exec-9] com.zaxxer.hikari.HikariDataSource       : HikariPool-1 - Start completed.
2024-09-01T23:32:01.447+08:00  INFO 12440 --- [http-nio-8080-exec-9] c.e.demo.controller.UserController       : 打印UserInfo:{}UserInfo(id=1, password=d656a5722d1d4a71a63aec52f87ee2c64b5b6cd35da51b42db314e440b78e74c, userName=zhangsan, githubUrl=https://github.com/zhangsanlll/Personal-Blog-Website, deleteFlag=0, createTime=Sun Aug 04 16:33:54 CST 2024, updateTime=null)
2024-09-01T23:32:10.023+08:00  INFO 12440 --- [http-nio-8080-exec-3] c.e.demo.interceptor.LoginInterceptor    : 从header中获取token：null
2024-09-01T23:32:10.024+08:00  INFO 12440 --- [http-nio-8080-exec-3] c.e.demo.interceptor.LoginInterceptor    : 获取claims：null
2024-09-01T23:33:39.771+08:00  INFO 12440 --- [SpringApplicationShutdownHook] com.zaxxer.hikari.HikariDataSource       : HikariPool-1 - Shutdown initiated...
2024-09-01T23:33:39.777+08:00  INFO 12440 --- [SpringApplicationShutdownHook] com.zaxxer.hikari.HikariDataSource       : HikariPool-1 - Shutdown completed.
2024-09-01T23:33:43.587+08:00  INFO 21944 --- [main] com.example.demo.SpringBlogApplication   : Starting SpringBlogApplication using Java 17.0.11 with PID 21944 (D:\gitte\Personal-Blog-Website\spring_blog\target\classes started by lenovo in D:\gitte\Personal-Blog-Website\spring_blog)
2024-09-01T23:33:43.590+08:00  INFO 21944 --- [main] com.example.demo.SpringBlogApplication   : The following 1 profile is active: "prod"
2024-09-01T23:33:44.751+08:00  INFO 21944 --- [main] o.s.b.w.embedded.tomcat.TomcatWebServer  : Tomcat initialized with port 8080 (http)
2024-09-01T23:33:44.761+08:00  INFO 21944 --- [main] o.apache.catalina.core.StandardService   : Starting service [Tomcat]
2024-09-01T23:33:44.762+08:00  INFO 21944 --- [main] o.apache.catalina.core.StandardEngine    : Starting Servlet engine: [Apache Tomcat/10.1.26]
2024-09-01T23:33:44.833+08:00  INFO 21944 --- [main] o.a.c.c.C.[Tomcat].[localhost].[/]       : Initializing Spring embedded WebApplicationContext
2024-09-01T23:33:44.833+08:00  INFO 21944 --- [main] w.s.c.ServletWebServerApplicationContext : Root WebApplicationContext: initialization completed in 1187 ms
2024-09-01T23:33:45.525+08:00  INFO 21944 --- [main] o.s.b.w.embedded.tomcat.TomcatWebServer  : Tomcat started on port 8080 (http) with context path '/'
2024-09-01T23:33:45.535+08:00  INFO 21944 --- [main] com.example.demo.SpringBlogApplication   : Started SpringBlogApplication in 2.422 seconds (process running for 2.807)
2024-09-01T23:51:47.475+08:00  INFO 20704 --- [main] com.example.demo.SpringBlogApplication   : Starting SpringBlogApplication using Java 17.0.11 with PID 20704 (D:\gitte\Personal-Blog-Website\spring_blog\target\classes started by lenovo in D:\gitte\Personal-Blog-Website\spring_blog)
2024-09-01T23:51:47.478+08:00  INFO 20704 --- [main] com.example.demo.SpringBlogApplication   : The following 1 profile is active: "dev"
2024-09-01T23:51:48.726+08:00  INFO 20704 --- [main] o.s.b.w.embedded.tomcat.TomcatWebServer  : Tomcat initialized with port 8080 (http)
2024-09-01T23:51:48.736+08:00  INFO 20704 --- [main] o.apache.catalina.core.StandardService   : Starting service [Tomcat]
2024-09-01T23:51:48.737+08:00  INFO 20704 --- [main] o.apache.catalina.core.StandardEngine    : Starting Servlet engine: [Apache Tomcat/10.1.26]
2024-09-01T23:51:48.812+08:00  INFO 20704 --- [main] o.a.c.c.C.[Tomcat].[localhost].[/]       : Initializing Spring embedded WebApplicationContext
2024-09-01T23:51:48.812+08:00  INFO 20704 --- [main] w.s.c.ServletWebServerApplicationContext : Root WebApplicationContext: initialization completed in 1287 ms
2024-09-01T23:51:49.519+08:00  INFO 20704 --- [main] o.s.b.w.embedded.tomcat.TomcatWebServer  : Tomcat started on port 8080 (http) with context path '/'
2024-09-01T23:51:49.529+08:00  INFO 20704 --- [main] com.example.demo.SpringBlogApplication   : Started SpringBlogApplication in 2.513 seconds (process running for 2.877)
2024-09-01T23:51:58.292+08:00  INFO 20704 --- [http-nio-8080-exec-3] o.a.c.c.C.[Tomcat].[localhost].[/]       : Initializing Spring DispatcherServlet 'dispatcherServlet'
2024-09-01T23:51:58.292+08:00  INFO 20704 --- [http-nio-8080-exec-3] o.s.web.servlet.DispatcherServlet        : Initializing Servlet 'dispatcherServlet'
2024-09-01T23:51:58.293+08:00  INFO 20704 --- [http-nio-8080-exec-3] o.s.web.servlet.DispatcherServlet        : Completed initialization in 1 ms
2024-09-01T23:51:58.453+08:00  INFO 20704 --- [http-nio-8080-exec-1] c.e.demo.interceptor.LoginInterceptor    : 从header中获取token：null
2024-09-01T23:51:58.481+08:00  INFO 20704 --- [http-nio-8080-exec-1] c.e.demo.interceptor.LoginInterceptor    : 获取claims：null
2024-09-01T23:52:11.057+08:00  INFO 20316 --- [main] com.example.demo.SpringBlogApplication   : Starting SpringBlogApplication using Java 17.0.11 with PID 20316 (D:\gitte\Personal-Blog-Website\spring_blog\target\classes started by lenovo in D:\gitte\Personal-Blog-Website\spring_blog)
2024-09-01T23:52:11.060+08:00  INFO 20316 --- [main] com.example.demo.SpringBlogApplication   : The following 1 profile is active: "dev"
2024-09-01T23:52:12.406+08:00  INFO 20316 --- [main] o.s.b.w.embedded.tomcat.TomcatWebServer  : Tomcat initialized with port 8080 (http)
2024-09-01T23:52:12.422+08:00  INFO 20316 --- [main] o.apache.catalina.core.StandardService   : Starting service [Tomcat]
2024-09-01T23:52:12.422+08:00  INFO 20316 --- [main] o.apache.catalina.core.StandardEngine    : Starting Servlet engine: [Apache Tomcat/10.1.26]
2024-09-01T23:52:12.501+08:00  INFO 20316 --- [main] o.a.c.c.C.[Tomcat].[localhost].[/]       : Initializing Spring embedded WebApplicationContext
2024-09-01T23:52:12.502+08:00  INFO 20316 --- [main] w.s.c.ServletWebServerApplicationContext : Root WebApplicationContext: initialization completed in 1369 ms
2024-09-01T23:52:13.223+08:00  INFO 20316 --- [main] o.s.b.w.embedded.tomcat.TomcatWebServer  : Tomcat started on port 8080 (http) with context path '/'
2024-09-01T23:52:13.231+08:00  INFO 20316 --- [main] com.example.demo.SpringBlogApplication   : Started SpringBlogApplication in 2.658 seconds (process running for 3.031)
2024-09-01T23:52:16.099+08:00  INFO 20316 --- [http-nio-8080-exec-2] o.a.c.c.C.[Tomcat].[localhost].[/]       : Initializing Spring DispatcherServlet 'dispatcherServlet'
2024-09-01T23:52:16.099+08:00  INFO 20316 --- [http-nio-8080-exec-2] o.s.web.servlet.DispatcherServlet        : Initializing Servlet 'dispatcherServlet'
2024-09-01T23:52:16.102+08:00  INFO 20316 --- [http-nio-8080-exec-2] o.s.web.servlet.DispatcherServlet        : Completed initialization in 2 ms
2024-09-01T23:52:16.210+08:00  INFO 20316 --- [http-nio-8080-exec-1] c.e.demo.interceptor.LoginInterceptor    : 从header中获取token：null
2024-09-01T23:52:16.223+08:00  INFO 20316 --- [http-nio-8080-exec-1] c.e.demo.interceptor.LoginInterceptor    : 获取claims：null
2024-09-01T23:52:33.058+08:00  INFO 1948 --- [main] com.example.demo.SpringBlogApplication   : Starting SpringBlogApplication using Java 17.0.11 with PID 1948 (D:\gitte\Personal-Blog-Website\spring_blog\target\classes started by lenovo in D:\gitte\Personal-Blog-Website\spring_blog)
2024-09-01T23:52:33.061+08:00  INFO 1948 --- [main] com.example.demo.SpringBlogApplication   : The following 1 profile is active: "prod"
2024-09-01T23:52:34.392+08:00  INFO 1948 --- [main] o.s.b.w.embedded.tomcat.TomcatWebServer  : Tomcat initialized with port 8080 (http)
2024-09-01T23:52:34.410+08:00  INFO 1948 --- [main] o.apache.catalina.core.StandardService   : Starting service [Tomcat]
2024-09-01T23:52:34.410+08:00  INFO 1948 --- [main] o.apache.catalina.core.StandardEngine    : Starting Servlet engine: [Apache Tomcat/10.1.26]
2024-09-01T23:52:34.494+08:00  INFO 1948 --- [main] o.a.c.c.C.[Tomcat].[localhost].[/]       : Initializing Spring embedded WebApplicationContext
2024-09-01T23:52:34.494+08:00  INFO 1948 --- [main] w.s.c.ServletWebServerApplicationContext : Root WebApplicationContext: initialization completed in 1377 ms
2024-09-01T23:52:35.130+08:00  INFO 1948 --- [main] o.s.b.w.embedded.tomcat.TomcatWebServer  : Tomcat started on port 8080 (http) with context path '/'
2024-09-01T23:52:35.138+08:00  INFO 1948 --- [main] com.example.demo.SpringBlogApplication   : Started SpringBlogApplication in 2.559 seconds (process running for 2.934)
